#
# A fatal error has been detected by the Java Runtime Environment:
#
#  EXCEPTION_ACCESS_VIOLATION (0xc0000005) at pc=0x00007ff96c0a299b, pid=23692, tid=26692
#
# JRE version: OpenJDK Runtime Environment (24.0.2+12) (build 24.0.2+12-54)
# Java VM: OpenJDK 64-Bit Server VM (24.0.2+12-54, mixed mode, sharing, tiered, compressed oops, compressed class ptrs, g1 gc, windows-amd64)
# Problematic frame:
# C  [libasyncProfiler.dll+0x9299b]
#
# No core dump will be written. Minidumps are not enabled by default on client versions of Windows
#
# JFR recording file will be written. Location: C:\Users\larin\Desktop\Git\PP_1_1_3-4_JDBC_Hibernate-master\hs_err_pid23692.jfr
#
# If you would like to submit a bug report, please visit:
#   https://bugreport.java.com/bugreport/crash.jsp
# The crash happened outside the Java Virtual Machine in native code.
# See problematic frame for where to report the bug.
#

---------------  S U M M A R Y ------------

Command Line: -ea -Didea.test.cyclic.buffer.size=1048576 -javaagent:C:\Program Files\JetBrains\IntelliJIdea2024.2\lib\idea_rt.jar=57463:C:\Program Files\JetBrains\IntelliJIdea2024.2\bin -agentpath:C:\Users\larin\AppData\Local\Temp\idea_libasyncProfiler_dll_temp_folder\libasyncProfiler.dll=start,jfr,event=wall,interval=10ms,jfrsync=profile,cstack=no,file=C:\Users\larin\IdeaSnapshots\UserServiceTest_removeUserById_2025_08_13_184655.jfr,dbghelppath=C:\Users\larin\AppData\Local\Temp\idea_dbghelp_dll_temp_folder\dbghelp.dll,log=C:\Users\larin\AppData\Local\Temp\UserServiceTest_removeUserById_2025_08_13_184655.jfr.log.txt,logLevel=DEBUG -Dfile.encoding=UTF-8 -Dsun.stdout.encoding=UTF-8 -Dsun.stderr.encoding=UTF-8 com.intellij.rt.junit.JUnitStarter -ideVersion5 -junit4 UserServiceTest,removeUserById

Host: AMD Ryzen 7 2700X Eight-Core Processor         , 16 cores, 15G,  Windows 10 , 64 bit Build 19041 (10.0.19041.5915)
Time: Wed Aug 13 18:46:57 2025 elapsed time: 0.531022 seconds (0d 0h 0m 0s)

---------------  T H R E A D  ---------------

Current thread (0x0000023a374a2040):  JavaThread "main"             [_thread_in_native, id=26692, stack(0x0000003edef00000,0x0000003edf000000) (1024K)]

Stack: [0x0000003edef00000,0x0000003edf000000],  sp=0x0000003edeffe500,  free space=1017k
Native frames: (J=compiled Java code, j=interpreted, Vv=VM code, C=native code)
C  [libasyncProfiler.dll+0x9299b]  (no source info available)
C  [libasyncProfiler.dll+0x92e7b]  (no source info available)
C  [libasyncProfiler.dll+0x91ad4]  (no source info available)
C  [libasyncProfiler.dll+0x92359]  (no source info available)
C  [libasyncProfiler.dll+0x8cf41]  (no source info available)
C  [libasyncProfiler.dll+0x7e820]  (no source info available)
C  [libasyncProfiler.dll+0x7d4f8]  (no source info available)
C  [libasyncProfiler.dll+0x7d3e8]  (no source info available)
C  [libasyncProfiler.dll+0x835cc]  (no source info available)
V  [jvm.dll+0x5e37ee]  (no source info available)
V  [jvm.dll+0x8862d6]  (no source info available)
V  [jvm.dll+0x495e7e]  (no source info available)
V  [jvm.dll+0x497c51]  (no source info available)
C  [jli.dll+0x52a1]  (no source info available)
C  [ucrtbase.dll+0x21bb2]  (no source info available)
C  [KERNEL32.DLL+0x17374]  (no source info available)
C  [ntdll.dll+0x4cc91]  (no source info available)


siginfo: EXCEPTION_ACCESS_VIOLATION (0xc0000005), reading address 0xffffffffffffffff


Registers:
RAX=0x0000000000000010, RBX=0x0000000000000000, RCX=0xffffffffffffffff, RDX=0x007ff94b16301010
RSP=0x0000003edeffe500, RBP=0x0000023a9e00ae68, RSI=0x0000003edeffe668, RDI=0x0000023a9e00ae68
R8 =0x0000000000000042, R9 =0x0000000711001ed8, R10=0x00007ff94b3d9ff0, R11=0x0000000000000002
R12=0x0000003edeffe668, R13=0x0000023a3791d540, R14=0x0000023a374a2408, R15=0x0000023a374a2408
RIP=0x00007ff96c0a299b, EFLAGS=0x0000000000010202

XMM[0]=0x0000000000000000 0x0000000000000000
XMM[1]=0x0000000000000000 0x0000000000000000
XMM[2]=0x0000000000000000 0x0000000000000000
XMM[3]=0x0000000000000000 0x0000000000000000
XMM[4]=0x0000000000000000 0x0000000000000000
XMM[5]=0x0000000000000000 0x0000000000000000
XMM[6]=0x0000000000000000 0x0000000000000000
XMM[7]=0x0000000000000000 0x0000000000000000
XMM[8]=0x0000000000000000 0x0000000000000000
XMM[9]=0x0000000000000000 0x0000000000000000
XMM[10]=0x0000000000000000 0x0000000000000000
XMM[11]=0x0000000000000000 0x0000000000000000
XMM[12]=0x0000000000000000 0x0000000000000000
XMM[13]=0x0000000000000000 0x0000000000000000
XMM[14]=0x0000000000000000 0x0000000000000000
XMM[15]=0x0000000000000000 0x0000000000000000
  MXCSR=0x00001fa0


Register to memory mapping:

RAX=0x0000000000000010 is an unknown value
RBX=0x0 is null
RCX=0xffffffffffffffff is an unknown value
RDX=0x007ff94b16301010 is an unknown value
RSP=0x0000003edeffe500 is pointing into the stack for thread: 0x0000023a374a2040
RBP=0x0000023a9e00ae68 points into unknown readable memory: 0x0000000711001ed8 | d8 1e 00 11 07 00 00 00
RSI=0x0000003edeffe668 is pointing into the stack for thread: 0x0000023a374a2040
RDI=0x0000023a9e00ae68 points into unknown readable memory: 0x0000000711001ed8 | d8 1e 00 11 07 00 00 00
R8 =0x0000000000000042 is an unknown value
R9 =0x0000000711001ed8 is an oop: java.lang.Thread 
{0x0000000711001ed8} - klass: 'java/lang/Thread' - flags: 

 - ---- fields (total size 14 words):
 - 'threadLocalRandomProbe' 'I' @12  0 (0x00000000)
 - private volatile 'eetop' 'J' @16  2449058963520 (0x0000023a374a2040)
 - private final 'tid' 'J' @24  3 (0x0000000000000003)
 - 'threadLocalRandomSeed' 'J' @32  0 (0x0000000000000000)
 - injected 'jvmti_thread_state' 'J' @40  2449615969136 (0x0000023a587d5b70)
 - 'threadLocalRandomSecondarySeed' 'I' @48  0 (0x00000000)
 - injected 'jvmti_VTMS_transition_disable_count' 'I' @52  0 (0x00000000)
 - injected 'jfr_epoch' 'S' @56  0 (0x0000)
 - volatile 'interrupted' 'Z' @58  false (0x00)
 - injected 'jvmti_is_in_VTMS_transition' 'Z' @59  false (0x00)
 - private volatile 'name' 'Ljava/lang/String;' @60  "main"{0x0000000711001f48} (0xe22003e9)
 - private volatile 'contextClassLoader' 'Ljava/lang/ClassLoader;' @64  a 'jdk/internal/loader/ClassLoaders$AppClassLoader'{0x0000000711023a20} (0xe2204744)
 - private final 'holder' 'Ljava/lang/Thread$FieldHolder;' @68  a 'java/lang/Thread$FieldHolder'{0x0000000711001f88} (0xe22003f1)
 - 'threadLocals' 'Ljava/lang/ThreadLocal$ThreadLocalMap;' @72  a 'java/lang/ThreadLocal$ThreadLocalMap'{0x0000000710f40220} (0xe21e8044)
 - 'inheritableThreadLocals' 'Ljava/lang/ThreadLocal$ThreadLocalMap;' @76  null (0x00000000)
 - private 'scopedValueBindings' 'Ljava/lang/Object;' @80  a 'java/lang/Class'{0x00000007ffe7c2c8} = 'java/lang/Thread' (0xfffcf859)
 - final 'interruptLock' 'Ljava/lang/Object;' @84  a 'java/lang/Object'{0x0000000711001f78} (0xe22003ef)
 - private volatile 'parkBlocker' 'Ljava/lang/Object;' @88  null (0x00000000)
 - private 'nioBlocker' 'Lsun/nio/ch/Interruptible;' @92  null (0x00000000)
 - private 'cont' 'Ljdk/internal/vm/Continuation;' @96  null (0x00000000)
 - private volatile 'uncaughtExceptionHandler' 'Ljava/lang/Thread$UncaughtExceptionHandler;' @100  null (0x00000000)
 - private 'container' 'Ljdk/internal/vm/ThreadContainer;' @104  null (0x00000000)
 - private volatile 'headStackableScopes' 'Ljdk/internal/vm/StackableScope;' @108  null (0x00000000)
R10=0x00007ff94b3d9ff0 jvm.dll
R11=0x0000000000000002 is an unknown value
R12=0x0000003edeffe668 is pointing into the stack for thread: 0x0000023a374a2040
R13=0x0000023a3791d540 points into unknown readable memory: 0x00007ff94b34a510 | 10 a5 34 4b f9 7f 00 00
R14=0x0000023a374a2408 points into unknown readable memory: 0x00007ff94b3417b0 | b0 17 34 4b f9 7f 00 00
R15=0x0000023a374a2408 points into unknown readable memory: 0x00007ff94b3417b0 | b0 17 34 4b f9 7f 00 00

Top of Stack: (sp=0x0000003edeffe500)
0x0000003edeffe500:   0000003edeffe668 0000023a9e00ae68   h...>...h...:...
0x0000003edeffe510:   0000000000000000 0000023a374a2790   .........'J7:...
0x0000003edeffe520:   000000000000001f 00007ff96c0a2e7b   ........{..l....
0x0000003edeffe530:   0000000000000000 0000023a374a2408   .........$J7:...
0x0000003edeffe540:   0000003edeffe601 0000000000000000   ....>...........
0x0000003edeffe550:   0000023a9f9f8360 00007ff96c0a1ad4   `...:......l....
0x0000003edeffe560:   0000000000000000 000000000000001f   ................
0x0000003edeffe570:   0000000000000000 000000000000001f   ................
0x0000003edeffe580:   0000000900000000 0000023a9f757ef0   .........~u.:...
0x0000003edeffe590:   0000023a9f9f8360 0000023a9f9f83dc   `...:.......:...
0x0000003edeffe5a0:   0000023a9f9f8408 0000023a00003b9c   ....:....;..:...
0x0000003edeffe5b0:   0000000000000000 0000000000000000   ................
0x0000003edeffe5c0:   0000000000000000 00007ff94aba5714   .........W.J....
0x0000003edeffe5d0:   00007ff96c1e5c70 0000000000005c8c   p\.l.....\......
0x0000003edeffe5e0:   00007ff96c1e5c70 00000000ffffffff   p\.l............
0x0000003edeffe5f0:   0000000000000000 00007ff96c0a2359   ........Y#.l....
0x0000003edeffe600:   0000023a374a2408 0000000000000000   .$J7:...........
0x0000003edeffe610:   0000003edeffe679 0000023a3791d540   y...>...@..7:...
0x0000003edeffe620:   00000000000020c0 00007ff96c05d1fd   . .........l....
0x0000003edeffe630:   0000000000000000 0000023a374a2408   .........$J7:...
0x0000003edeffe640:   00007ff66a9314d0 00007ff96c1e5c70   ...j....p\.l....
0x0000003edeffe650:   0000000000100000 0000000000001000   ................
0x0000003edeffe660:   0000003edeffe808 0000023a9f73dec0   ....>.....s.:...
0x0000003edeffe670:   0000023a9f73e2a0 0000023a9f73e2a0   ..s.:.....s.:...
0x0000003edeffe680:   0000023a374a2408 00007ff96c1e5c70   .$J7:...p\.l....
0x0000003edeffe690:   0000003edeffe808 0000023a354a0000   ....>.....J5:...
0x0000003edeffe6a0:   0000003edeffe940 0000000000008840   @...>...@.......
0x0000003edeffe6b0:   00007ff96c1d8080 00007ff96c1e5cc0   ...l.....\.l....
0x0000003edeffe6c0:   0000000000989680 0000000000989680   ................
0x0000003edeffe6d0:   0000003edeffe7e0 00007ff96c09cf41   ....>...A..l....
0x0000003edeffe6e0:   00007ff96c1e5c70 00007ff96c1e5cc8   p\.l.....\.l....
0x0000003edeffe6f0:   00007ff900000000 00007ff900000001   ................

Instructions: (pc=0x00007ff96c0a299b)
  0x00007ff96c0a289b:   cc cc cc cc cc cc cc cc cc cc cc cc cc cc cc cc
  0x00007ff96c0a28ab:   cc cc cc cc cc cc cc cc cc cc cc cc cc cc cc cc
  0x00007ff96c0a28bb:   cc cc cc cc cc cc cc cc cc cc cc cc cc cc cc cc
  0x00007ff96c0a28cb:   cc cc cc cc cc cc cc cc cc cc cc cc cc cc cc cc
  0x00007ff96c0a28db:   cc cc cc cc cc cc cc cc cc cc cc cc cc cc cc cc
  0x00007ff96c0a28eb:   cc cc cc cc cc cc cc cc cc cc cc cc cc cc cc cc
  0x00007ff96c0a28fb:   cc cc cc cc cc cc cc cc cc cc cc cc cc cc cc cc
  0x00007ff96c0a290b:   cc cc cc cc cc cc cc cc cc cc cc cc cc cc cc cc
  0x00007ff96c0a291b:   cc cc cc cc cc cc cc cc cc cc cc cc cc cc cc cc
  0x00007ff96c0a292b:   cc cc cc cc cc 48 89 5c 24 08 57 48 83 ec 20 48
  0x00007ff96c0a293b:   8b f9 48 8d 54 24 38 48 8b 0d f7 34 14 00 41 b8
  0x00007ff96c0a294b:   06 00 01 00 48 8b 01 4c 8b 48 30 41 ff d1 4c 8b
  0x00007ff96c0a295b:   05 f0 35 14 00 33 c9 85 c0 48 0f 44 4c 24 38 4d
  0x00007ff96c0a296b:   85 c0 74 4a 48 8b 01 48 8b d7 4c 8b 88 28 03 00
  0x00007ff96c0a297b:   00 41 ff d1 48 85 c0 74 35 48 63 0d 21 f4 13 00
  0x00007ff96c0a298b:   48 8b 14 01 48 85 d2 74 15 48 63 05 25 f4 13 00
=>0x00007ff96c0a299b:   8b 04 10 48 8b 5c 24 30 48 83 c4 20 5f c3 b8 ff
  0x00007ff96c0a29ab:   ff ff ff 48 8b 5c 24 30 48 83 c4 20 5f c3 80 3d
  0x00007ff96c0a29bb:   94 34 14 00 00 bb ff ff ff ff 74 20 4c 8b 0d 3a
  0x00007ff96c0a29cb:   31 14 00 4c 8d 44 24 38 48 8b 0d 1e 31 14 00 48
  0x00007ff96c0a29db:   8b d7 41 ff d1 85 c0 0f 44 5c 24 38 8b c3 48 8b
  0x00007ff96c0a29eb:   5c 24 30 48 83 c4 20 5f c3 cc cc cc cc cc cc cc
  0x00007ff96c0a29fb:   cc cc cc cc cc cc cc cc cc cc cc cc cc cc cc cc
  0x00007ff96c0a2a0b:   cc cc cc cc cc cc cc cc cc cc cc cc cc cc cc cc
  0x00007ff96c0a2a1b:   cc cc cc cc cc cc cc cc cc cc cc cc cc cc cc cc
  0x00007ff96c0a2a2b:   cc cc cc cc cc 48 89 54 24 10 53 55 56 57 41 56
  0x00007ff96c0a2a3b:   41 57 48 83 ec 28 48 8b f2 4c 8b f1 48 89 4c 24
  0x00007ff96c0a2a4b:   78 45 33 ff 44 89 7c 24 68 c7 44 24 60 01 00 00
  0x00007ff96c0a2a5b:   00 48 8d 4c 24 68 e8 a8 40 f7 ff 8b d8 48 8d 4c
  0x00007ff96c0a2a6b:   24 60 e8 9c 40 f7 ff 8b e8 49 8b ce e8 4d f9 f6
  0x00007ff96c0a2a7b:   ff 48 8b f8 90 8b c3 f0 0f b1 2f 74 04 f3 90 eb
  0x00007ff96c0a2a8b:   f4 4c 89 3e 4c 89 7e 08 4c 89 7e 10 49 8b 6e 08


Stack slot to memory mapping:

stack at sp + 0 slots: 0x0000003edeffe668 is pointing into the stack for thread: 0x0000023a374a2040
stack at sp + 1 slots: 0x0000023a9e00ae68 points into unknown readable memory: 0x0000000711001ed8 | d8 1e 00 11 07 00 00 00
stack at sp + 2 slots: 0x0 is null
stack at sp + 3 slots: 0x0000023a374a2790 points into unknown readable memory: 0x6e616c2e6176616a | 6a 61 76 61 2e 6c 61 6e
stack at sp + 4 slots: 0x000000000000001f is an unknown value
stack at sp + 5 slots: 0x00007ff96c0a2e7b libasyncProfiler.dll
stack at sp + 6 slots: 0x0 is null
stack at sp + 7 slots: 0x0000023a374a2408 points into unknown readable memory: 0x00007ff94b3417b0 | b0 17 34 4b f9 7f 00 00

Lock stack of current Java thread (top to bottom):


---------------  P R O C E S S  ---------------

Threads class SMR info:
_java_thread_list=0x0000023a9e873150, length=20, elements={
0x0000023a374a2040, 0x0000023a587221d0, 0x0000023a58724130, 0x0000023a5872ac20,
0x0000023a5872b750, 0x0000023a5872c280, 0x0000023a5872cdb0, 0x0000023a587409b0,
0x0000023a58765560, 0x0000023a5887c9d0, 0x0000023a5889f2d0, 0x0000023a589f2b90,
0x0000023a9e008480, 0x0000023a9e7fd6a0, 0x0000023a9ea09840, 0x0000023a9e6746b0,
0x0000023a9e28f3a0, 0x0000023a9f8500d0, 0x0000023a9fa009c0, 0x0000023a9f9d9700
}

Java Threads: ( => current thread )
=>0x0000023a374a2040 JavaThread "main"                              [_thread_in_native, id=26692, stack(0x0000003edef00000,0x0000003edf000000) (1024K)]
  0x0000023a587221d0 JavaThread "Reference Handler"          daemon [_thread_blocked, id=24008, stack(0x0000003edf700000,0x0000003edf800000) (1024K)]
  0x0000023a58724130 JavaThread "Finalizer"                  daemon [_thread_blocked, id=19816, stack(0x0000003edf800000,0x0000003edf900000) (1024K)]
  0x0000023a5872ac20 JavaThread "Signal Dispatcher"          daemon [_thread_blocked, id=16204, stack(0x0000003edf900000,0x0000003edfa00000) (1024K)]
  0x0000023a5872b750 JavaThread "Attach Listener"            daemon [_thread_blocked, id=16224, stack(0x0000003edfa00000,0x0000003edfb00000) (1024K)]
  0x0000023a5872c280 JavaThread "Service Thread"             daemon [_thread_blocked, id=16676, stack(0x0000003edfb00000,0x0000003edfc00000) (1024K)]
  0x0000023a5872cdb0 JavaThread "Monitor Deflation Thread"   daemon [_thread_blocked, id=16964, stack(0x0000003edfc00000,0x0000003edfd00000) (1024K)]
  0x0000023a587409b0 JavaThread "C2 CompilerThread0"         daemon [_thread_blocked, id=21912, stack(0x0000003edfd00000,0x0000003edfe00000) (1024K)]
  0x0000023a58765560 JavaThread "C1 CompilerThread0"         daemon [_thread_blocked, id=21228, stack(0x0000003edfe00000,0x0000003edff00000) (1024K)]
  0x0000023a5887c9d0 JavaThread "C1 CompilerThread1"         daemon [_thread_blocked, id=26068, stack(0x0000003edff00000,0x0000003ee0000000) (1024K)]
  0x0000023a5889f2d0 JavaThread "C1 CompilerThread2"         daemon [_thread_blocked, id=8336, stack(0x0000003ee0000000,0x0000003ee0100000) (1024K)]
  0x0000023a589f2b90 JavaThread "Common-Cleaner"             daemon [_thread_blocked, id=22732, stack(0x0000003ee0100000,0x0000003ee0200000) (1024K)]
  0x0000023a9e008480 JavaThread "Monitor Ctrl-Break"         daemon [_thread_in_native, id=10980, stack(0x0000003ee0200000,0x0000003ee0300000) (1024K)]
  0x0000023a9e7fd6a0 JavaThread "C2 CompilerThread1"         daemon [_thread_blocked, id=27056, stack(0x0000003ee0300000,0x0000003ee0400000) (1024K)]
  0x0000023a9ea09840 JavaThread "C2 CompilerThread2"         daemon [_thread_blocked, id=27468, stack(0x0000003ee0400000,0x0000003ee0500000) (1024K)]
  0x0000023a9e6746b0 JavaThread "C2 CompilerThread3"         daemon [_thread_blocked, id=3360, stack(0x0000003ee0500000,0x0000003ee0600000) (1024K)]
  0x0000023a9e28f3a0 JavaThread "C2 CompilerThread4"         daemon [_thread_blocked, id=26452, stack(0x0000003ee0600000,0x0000003ee0700000) (1024K)]
  0x0000023a9f8500d0 JavaThread "JFR Recorder Thread"        daemon [_thread_in_native, id=20764, stack(0x0000003ee0700000,0x0000003ee0800000) (1024K)]
  0x0000023a9fa009c0 JavaThread "C1 CompilerThread3"         daemon [_thread_blocked, id=11236, stack(0x0000003ee0800000,0x0000003ee0900000) (1024K)]
  0x0000023a9f9d9700 JavaThread "JFR Periodic Tasks"         daemon [_thread_blocked, id=15260, stack(0x0000003ee0900000,0x0000003ee0a00000) (1024K)]
Total: 20

Other Threads:
  0x0000023a3760db30 VMThread "VM Thread"                           [id=21472, stack(0x0000003edf600000,0x0000003edf700000) (1024K)]
  0x0000023a375f7520 WatcherThread "VM Periodic Task Thread"        [id=24360, stack(0x0000003edf500000,0x0000003edf600000) (1024K)]
  0x0000023a3750bea0 WorkerThread "GC Thread#0"                     [id=26044, stack(0x0000003edf000000,0x0000003edf100000) (1024K)]
  0x0000023a37521020 ConcurrentGCThread "G1 Main Marker"            [id=14036, stack(0x0000003edf100000,0x0000003edf200000) (1024K)]
  0x0000023a37522650 WorkerThread "G1 Conc#0"                       [id=21884, stack(0x0000003edf200000,0x0000003edf300000) (1024K)]
  0x0000023a375e5a10 ConcurrentGCThread "G1 Refine#0"               [id=27316, stack(0x0000003edf300000,0x0000003edf400000) (1024K)]
  0x0000023a375e64a0 ConcurrentGCThread "G1 Service"                [id=28660, stack(0x0000003edf400000,0x0000003edf500000) (1024K)]
Total: 7

Threads with active compile tasks:
Total: 0

VM state: not at safepoint (normal execution)

VM Mutex/Monitor currently owned by a thread: None

Heap address: 0x0000000701200000, size: 4078 MB, Compressed Oops mode: Zero based, Oop shift amount: 3

CDS archive(s) mapped at: [0x0000023a59000000-0x0000023a59d40000-0x0000023a59d40000), size 13893632, SharedBaseAddress: 0x0000023a59000000, ArchiveRelocationMode: 1.
Compressed class space mapped at: 0x0000023a5a000000-0x0000023a9a000000, reserved size: 1073741824
UseCompressedClassPointers 1, UseCompactObjectHeaders 0
Narrow klass pointer bits 32, Max shift 3
Narrow klass base: 0x0000023a59000000, Narrow klass shift: 0
Encoding Range: [0x0000023a59000000 - 0x0000023b59000000), (4294967296 bytes)
Klass Range:    [0x0000023a59000000 - 0x0000023a9a000000), (1090519040 bytes)
Klass ID Range:  [8 - 1090519033) (1090519025)

GC Precious Log:
 CardTable entry size: 512
 Card Set container configuration: InlinePtr #cards 4 size 8 Array Of Cards #cards 16 size 48 Howl #buckets 8 coarsen threshold 3686 Howl Bitmap #cards 512 size 80 coarsen threshold 460 Card regions per heap region 1 cards per card region 4096
 CPUs: 16 total, 16 available
 Memory: 16304M
 Large Page Support: Disabled
 NUMA Support: Disabled
 Compressed Oops: Enabled (Zero based)
 Heap Region Size: 2M
 Heap Min Capacity: 8M
 Heap Initial Capacity: 256M
 Heap Max Capacity: 4078M
 Pre-touch: Disabled
 Parallel Workers: 13
 Concurrent Workers: 3
 Concurrent Refinement Workers: 13
 Periodic GC: Disabled

Heap:
 garbage-first heap   total reserved 4175872K, committed 264192K, used 21616K [0x0000000701200000, 0x0000000800000000)
  region size 2048K, 11 young (22528K), 0 survivors (0K)
 Metaspace       used 3578K, committed 3776K, reserved 1114112K
  class space    used 306K, committed 384K, reserved 1048576K

Heap Regions: E=young(eden), S=young(survivor), O=old, HS=humongous(starts), HC=humongous(continues), CS=collection set, F=free, TAMS=top-at-mark-start, PB=parsable bottom
|   0|0x0000000701200000, 0x0000000701200000, 0x0000000701400000|  0%| F|  |TAMS 0x0000000701200000| PB 0x0000000701200000| Untracked |  0
|   1|0x0000000701400000, 0x0000000701400000, 0x0000000701600000|  0%| F|  |TAMS 0x0000000701400000| PB 0x0000000701400000| Untracked |  0
|   2|0x0000000701600000, 0x0000000701600000, 0x0000000701800000|  0%| F|  |TAMS 0x0000000701600000| PB 0x0000000701600000| Untracked |  0
|   3|0x0000000701800000, 0x0000000701800000, 0x0000000701a00000|  0%| F|  |TAMS 0x0000000701800000| PB 0x0000000701800000| Untracked |  0
|   4|0x0000000701a00000, 0x0000000701a00000, 0x0000000701c00000|  0%| F|  |TAMS 0x0000000701a00000| PB 0x0000000701a00000| Untracked |  0
|   5|0x0000000701c00000, 0x0000000701c00000, 0x0000000701e00000|  0%| F|  |TAMS 0x0000000701c00000| PB 0x0000000701c00000| Untracked |  0
|   6|0x0000000701e00000, 0x0000000701e00000, 0x0000000702000000|  0%| F|  |TAMS 0x0000000701e00000| PB 0x0000000701e00000| Untracked |  0
|   7|0x0000000702000000, 0x0000000702000000, 0x0000000702200000|  0%| F|  |TAMS 0x0000000702000000| PB 0x0000000702000000| Untracked |  0
|   8|0x0000000702200000, 0x0000000702200000, 0x0000000702400000|  0%| F|  |TAMS 0x0000000702200000| PB 0x0000000702200000| Untracked |  0
|   9|0x0000000702400000, 0x0000000702400000, 0x0000000702600000|  0%| F|  |TAMS 0x0000000702400000| PB 0x0000000702400000| Untracked |  0
|  10|0x0000000702600000, 0x0000000702600000, 0x0000000702800000|  0%| F|  |TAMS 0x0000000702600000| PB 0x0000000702600000| Untracked |  0
|  11|0x0000000702800000, 0x0000000702800000, 0x0000000702a00000|  0%| F|  |TAMS 0x0000000702800000| PB 0x0000000702800000| Untracked |  0
|  12|0x0000000702a00000, 0x0000000702a00000, 0x0000000702c00000|  0%| F|  |TAMS 0x0000000702a00000| PB 0x0000000702a00000| Untracked |  0
|  13|0x0000000702c00000, 0x0000000702c00000, 0x0000000702e00000|  0%| F|  |TAMS 0x0000000702c00000| PB 0x0000000702c00000| Untracked |  0
|  14|0x0000000702e00000, 0x0000000702e00000, 0x0000000703000000|  0%| F|  |TAMS 0x0000000702e00000| PB 0x0000000702e00000| Untracked |  0
|  15|0x0000000703000000, 0x0000000703000000, 0x0000000703200000|  0%| F|  |TAMS 0x0000000703000000| PB 0x0000000703000000| Untracked |  0
|  16|0x0000000703200000, 0x0000000703200000, 0x0000000703400000|  0%| F|  |TAMS 0x0000000703200000| PB 0x0000000703200000| Untracked |  0
|  17|0x0000000703400000, 0x0000000703400000, 0x0000000703600000|  0%| F|  |TAMS 0x0000000703400000| PB 0x0000000703400000| Untracked |  0
|  18|0x0000000703600000, 0x0000000703600000, 0x0000000703800000|  0%| F|  |TAMS 0x0000000703600000| PB 0x0000000703600000| Untracked |  0
|  19|0x0000000703800000, 0x0000000703800000, 0x0000000703a00000|  0%| F|  |TAMS 0x0000000703800000| PB 0x0000000703800000| Untracked |  0
|  20|0x0000000703a00000, 0x0000000703a00000, 0x0000000703c00000|  0%| F|  |TAMS 0x0000000703a00000| PB 0x0000000703a00000| Untracked |  0
|  21|0x0000000703c00000, 0x0000000703c00000, 0x0000000703e00000|  0%| F|  |TAMS 0x0000000703c00000| PB 0x0000000703c00000| Untracked |  0
|  22|0x0000000703e00000, 0x0000000703e00000, 0x0000000704000000|  0%| F|  |TAMS 0x0000000703e00000| PB 0x0000000703e00000| Untracked |  0
|  23|0x0000000704000000, 0x0000000704000000, 0x0000000704200000|  0%| F|  |TAMS 0x0000000704000000| PB 0x0000000704000000| Untracked |  0
|  24|0x0000000704200000, 0x0000000704200000, 0x0000000704400000|  0%| F|  |TAMS 0x0000000704200000| PB 0x0000000704200000| Untracked |  0
|  25|0x0000000704400000, 0x0000000704400000, 0x0000000704600000|  0%| F|  |TAMS 0x0000000704400000| PB 0x0000000704400000| Untracked |  0
|  26|0x0000000704600000, 0x0000000704600000, 0x0000000704800000|  0%| F|  |TAMS 0x0000000704600000| PB 0x0000000704600000| Untracked |  0
|  27|0x0000000704800000, 0x0000000704800000, 0x0000000704a00000|  0%| F|  |TAMS 0x0000000704800000| PB 0x0000000704800000| Untracked |  0
|  28|0x0000000704a00000, 0x0000000704a00000, 0x0000000704c00000|  0%| F|  |TAMS 0x0000000704a00000| PB 0x0000000704a00000| Untracked |  0
|  29|0x0000000704c00000, 0x0000000704c00000, 0x0000000704e00000|  0%| F|  |TAMS 0x0000000704c00000| PB 0x0000000704c00000| Untracked |  0
|  30|0x0000000704e00000, 0x0000000704e00000, 0x0000000705000000|  0%| F|  |TAMS 0x0000000704e00000| PB 0x0000000704e00000| Untracked |  0
|  31|0x0000000705000000, 0x0000000705000000, 0x0000000705200000|  0%| F|  |TAMS 0x0000000705000000| PB 0x0000000705000000| Untracked |  0
|  32|0x0000000705200000, 0x0000000705200000, 0x0000000705400000|  0%| F|  |TAMS 0x0000000705200000| PB 0x0000000705200000| Untracked |  0
|  33|0x0000000705400000, 0x0000000705400000, 0x0000000705600000|  0%| F|  |TAMS 0x0000000705400000| PB 0x0000000705400000| Untracked |  0
|  34|0x0000000705600000, 0x0000000705600000, 0x0000000705800000|  0%| F|  |TAMS 0x0000000705600000| PB 0x0000000705600000| Untracked |  0
|  35|0x0000000705800000, 0x0000000705800000, 0x0000000705a00000|  0%| F|  |TAMS 0x0000000705800000| PB 0x0000000705800000| Untracked |  0
|  36|0x0000000705a00000, 0x0000000705a00000, 0x0000000705c00000|  0%| F|  |TAMS 0x0000000705a00000| PB 0x0000000705a00000| Untracked |  0
|  37|0x0000000705c00000, 0x0000000705c00000, 0x0000000705e00000|  0%| F|  |TAMS 0x0000000705c00000| PB 0x0000000705c00000| Untracked |  0
|  38|0x0000000705e00000, 0x0000000705e00000, 0x0000000706000000|  0%| F|  |TAMS 0x0000000705e00000| PB 0x0000000705e00000| Untracked |  0
|  39|0x0000000706000000, 0x0000000706000000, 0x0000000706200000|  0%| F|  |TAMS 0x0000000706000000| PB 0x0000000706000000| Untracked |  0
|  40|0x0000000706200000, 0x0000000706200000, 0x0000000706400000|  0%| F|  |TAMS 0x0000000706200000| PB 0x0000000706200000| Untracked |  0
|  41|0x0000000706400000, 0x0000000706400000, 0x0000000706600000|  0%| F|  |TAMS 0x0000000706400000| PB 0x0000000706400000| Untracked |  0
|  42|0x0000000706600000, 0x0000000706600000, 0x0000000706800000|  0%| F|  |TAMS 0x0000000706600000| PB 0x0000000706600000| Untracked |  0
|  43|0x0000000706800000, 0x0000000706800000, 0x0000000706a00000|  0%| F|  |TAMS 0x0000000706800000| PB 0x0000000706800000| Untracked |  0
|  44|0x0000000706a00000, 0x0000000706a00000, 0x0000000706c00000|  0%| F|  |TAMS 0x0000000706a00000| PB 0x0000000706a00000| Untracked |  0
|  45|0x0000000706c00000, 0x0000000706c00000, 0x0000000706e00000|  0%| F|  |TAMS 0x0000000706c00000| PB 0x0000000706c00000| Untracked |  0
|  46|0x0000000706e00000, 0x0000000706e00000, 0x0000000707000000|  0%| F|  |TAMS 0x0000000706e00000| PB 0x0000000706e00000| Untracked |  0
|  47|0x0000000707000000, 0x0000000707000000, 0x0000000707200000|  0%| F|  |TAMS 0x0000000707000000| PB 0x0000000707000000| Untracked |  0
|  48|0x0000000707200000, 0x0000000707200000, 0x0000000707400000|  0%| F|  |TAMS 0x0000000707200000| PB 0x0000000707200000| Untracked |  0
|  49|0x0000000707400000, 0x0000000707400000, 0x0000000707600000|  0%| F|  |TAMS 0x0000000707400000| PB 0x0000000707400000| Untracked |  0
|  50|0x0000000707600000, 0x0000000707600000, 0x0000000707800000|  0%| F|  |TAMS 0x0000000707600000| PB 0x0000000707600000| Untracked |  0
|  51|0x0000000707800000, 0x0000000707800000, 0x0000000707a00000|  0%| F|  |TAMS 0x0000000707800000| PB 0x0000000707800000| Untracked |  0
|  52|0x0000000707a00000, 0x0000000707a00000, 0x0000000707c00000|  0%| F|  |TAMS 0x0000000707a00000| PB 0x0000000707a00000| Untracked |  0
|  53|0x0000000707c00000, 0x0000000707c00000, 0x0000000707e00000|  0%| F|  |TAMS 0x0000000707c00000| PB 0x0000000707c00000| Untracked |  0
|  54|0x0000000707e00000, 0x0000000707e00000, 0x0000000708000000|  0%| F|  |TAMS 0x0000000707e00000| PB 0x0000000707e00000| Untracked |  0
|  55|0x0000000708000000, 0x0000000708000000, 0x0000000708200000|  0%| F|  |TAMS 0x0000000708000000| PB 0x0000000708000000| Untracked |  0
|  56|0x0000000708200000, 0x0000000708200000, 0x0000000708400000|  0%| F|  |TAMS 0x0000000708200000| PB 0x0000000708200000| Untracked |  0
|  57|0x0000000708400000, 0x0000000708400000, 0x0000000708600000|  0%| F|  |TAMS 0x0000000708400000| PB 0x0000000708400000| Untracked |  0
|  58|0x0000000708600000, 0x0000000708600000, 0x0000000708800000|  0%| F|  |TAMS 0x0000000708600000| PB 0x0000000708600000| Untracked |  0
|  59|0x0000000708800000, 0x0000000708800000, 0x0000000708a00000|  0%| F|  |TAMS 0x0000000708800000| PB 0x0000000708800000| Untracked |  0
|  60|0x0000000708a00000, 0x0000000708a00000, 0x0000000708c00000|  0%| F|  |TAMS 0x0000000708a00000| PB 0x0000000708a00000| Untracked |  0
|  61|0x0000000708c00000, 0x0000000708c00000, 0x0000000708e00000|  0%| F|  |TAMS 0x0000000708c00000| PB 0x0000000708c00000| Untracked |  0
|  62|0x0000000708e00000, 0x0000000708e00000, 0x0000000709000000|  0%| F|  |TAMS 0x0000000708e00000| PB 0x0000000708e00000| Untracked |  0
|  63|0x0000000709000000, 0x0000000709000000, 0x0000000709200000|  0%| F|  |TAMS 0x0000000709000000| PB 0x0000000709000000| Untracked |  0
|  64|0x0000000709200000, 0x0000000709200000, 0x0000000709400000|  0%| F|  |TAMS 0x0000000709200000| PB 0x0000000709200000| Untracked |  0
|  65|0x0000000709400000, 0x0000000709400000, 0x0000000709600000|  0%| F|  |TAMS 0x0000000709400000| PB 0x0000000709400000| Untracked |  0
|  66|0x0000000709600000, 0x0000000709600000, 0x0000000709800000|  0%| F|  |TAMS 0x0000000709600000| PB 0x0000000709600000| Untracked |  0
|  67|0x0000000709800000, 0x0000000709800000, 0x0000000709a00000|  0%| F|  |TAMS 0x0000000709800000| PB 0x0000000709800000| Untracked |  0
|  68|0x0000000709a00000, 0x0000000709a00000, 0x0000000709c00000|  0%| F|  |TAMS 0x0000000709a00000| PB 0x0000000709a00000| Untracked |  0
|  69|0x0000000709c00000, 0x0000000709c00000, 0x0000000709e00000|  0%| F|  |TAMS 0x0000000709c00000| PB 0x0000000709c00000| Untracked |  0
|  70|0x0000000709e00000, 0x0000000709e00000, 0x000000070a000000|  0%| F|  |TAMS 0x0000000709e00000| PB 0x0000000709e00000| Untracked |  0
|  71|0x000000070a000000, 0x000000070a000000, 0x000000070a200000|  0%| F|  |TAMS 0x000000070a000000| PB 0x000000070a000000| Untracked |  0
|  72|0x000000070a200000, 0x000000070a200000, 0x000000070a400000|  0%| F|  |TAMS 0x000000070a200000| PB 0x000000070a200000| Untracked |  0
|  73|0x000000070a400000, 0x000000070a400000, 0x000000070a600000|  0%| F|  |TAMS 0x000000070a400000| PB 0x000000070a400000| Untracked |  0
|  74|0x000000070a600000, 0x000000070a600000, 0x000000070a800000|  0%| F|  |TAMS 0x000000070a600000| PB 0x000000070a600000| Untracked |  0
|  75|0x000000070a800000, 0x000000070a800000, 0x000000070aa00000|  0%| F|  |TAMS 0x000000070a800000| PB 0x000000070a800000| Untracked |  0
|  76|0x000000070aa00000, 0x000000070aa00000, 0x000000070ac00000|  0%| F|  |TAMS 0x000000070aa00000| PB 0x000000070aa00000| Untracked |  0
|  77|0x000000070ac00000, 0x000000070ac00000, 0x000000070ae00000|  0%| F|  |TAMS 0x000000070ac00000| PB 0x000000070ac00000| Untracked |  0
|  78|0x000000070ae00000, 0x000000070ae00000, 0x000000070b000000|  0%| F|  |TAMS 0x000000070ae00000| PB 0x000000070ae00000| Untracked |  0
|  79|0x000000070b000000, 0x000000070b000000, 0x000000070b200000|  0%| F|  |TAMS 0x000000070b000000| PB 0x000000070b000000| Untracked |  0
|  80|0x000000070b200000, 0x000000070b200000, 0x000000070b400000|  0%| F|  |TAMS 0x000000070b200000| PB 0x000000070b200000| Untracked |  0
|  81|0x000000070b400000, 0x000000070b400000, 0x000000070b600000|  0%| F|  |TAMS 0x000000070b400000| PB 0x000000070b400000| Untracked |  0
|  82|0x000000070b600000, 0x000000070b600000, 0x000000070b800000|  0%| F|  |TAMS 0x000000070b600000| PB 0x000000070b600000| Untracked |  0
|  83|0x000000070b800000, 0x000000070b800000, 0x000000070ba00000|  0%| F|  |TAMS 0x000000070b800000| PB 0x000000070b800000| Untracked |  0
|  84|0x000000070ba00000, 0x000000070ba00000, 0x000000070bc00000|  0%| F|  |TAMS 0x000000070ba00000| PB 0x000000070ba00000| Untracked |  0
|  85|0x000000070bc00000, 0x000000070bc00000, 0x000000070be00000|  0%| F|  |TAMS 0x000000070bc00000| PB 0x000000070bc00000| Untracked |  0
|  86|0x000000070be00000, 0x000000070be00000, 0x000000070c000000|  0%| F|  |TAMS 0x000000070be00000| PB 0x000000070be00000| Untracked |  0
|  87|0x000000070c000000, 0x000000070c000000, 0x000000070c200000|  0%| F|  |TAMS 0x000000070c000000| PB 0x000000070c000000| Untracked |  0
|  88|0x000000070c200000, 0x000000070c200000, 0x000000070c400000|  0%| F|  |TAMS 0x000000070c200000| PB 0x000000070c200000| Untracked |  0
|  89|0x000000070c400000, 0x000000070c400000, 0x000000070c600000|  0%| F|  |TAMS 0x000000070c400000| PB 0x000000070c400000| Untracked |  0
|  90|0x000000070c600000, 0x000000070c600000, 0x000000070c800000|  0%| F|  |TAMS 0x000000070c600000| PB 0x000000070c600000| Untracked |  0
|  91|0x000000070c800000, 0x000000070c800000, 0x000000070ca00000|  0%| F|  |TAMS 0x000000070c800000| PB 0x000000070c800000| Untracked |  0
|  92|0x000000070ca00000, 0x000000070ca00000, 0x000000070cc00000|  0%| F|  |TAMS 0x000000070ca00000| PB 0x000000070ca00000| Untracked |  0
|  93|0x000000070cc00000, 0x000000070cc00000, 0x000000070ce00000|  0%| F|  |TAMS 0x000000070cc00000| PB 0x000000070cc00000| Untracked |  0
|  94|0x000000070ce00000, 0x000000070ce00000, 0x000000070d000000|  0%| F|  |TAMS 0x000000070ce00000| PB 0x000000070ce00000| Untracked |  0
|  95|0x000000070d000000, 0x000000070d000000, 0x000000070d200000|  0%| F|  |TAMS 0x000000070d000000| PB 0x000000070d000000| Untracked |  0
|  96|0x000000070d200000, 0x000000070d200000, 0x000000070d400000|  0%| F|  |TAMS 0x000000070d200000| PB 0x000000070d200000| Untracked |  0
|  97|0x000000070d400000, 0x000000070d400000, 0x000000070d600000|  0%| F|  |TAMS 0x000000070d400000| PB 0x000000070d400000| Untracked |  0
|  98|0x000000070d600000, 0x000000070d600000, 0x000000070d800000|  0%| F|  |TAMS 0x000000070d600000| PB 0x000000070d600000| Untracked |  0
|  99|0x000000070d800000, 0x000000070d800000, 0x000000070da00000|  0%| F|  |TAMS 0x000000070d800000| PB 0x000000070d800000| Untracked |  0
| 100|0x000000070da00000, 0x000000070da00000, 0x000000070dc00000|  0%| F|  |TAMS 0x000000070da00000| PB 0x000000070da00000| Untracked |  0
| 101|0x000000070dc00000, 0x000000070dc00000, 0x000000070de00000|  0%| F|  |TAMS 0x000000070dc00000| PB 0x000000070dc00000| Untracked |  0
| 102|0x000000070de00000, 0x000000070de00000, 0x000000070e000000|  0%| F|  |TAMS 0x000000070de00000| PB 0x000000070de00000| Untracked |  0
| 103|0x000000070e000000, 0x000000070e000000, 0x000000070e200000|  0%| F|  |TAMS 0x000000070e000000| PB 0x000000070e000000| Untracked |  0
| 104|0x000000070e200000, 0x000000070e200000, 0x000000070e400000|  0%| F|  |TAMS 0x000000070e200000| PB 0x000000070e200000| Untracked |  0
| 105|0x000000070e400000, 0x000000070e400000, 0x000000070e600000|  0%| F|  |TAMS 0x000000070e400000| PB 0x000000070e400000| Untracked |  0
| 106|0x000000070e600000, 0x000000070e600000, 0x000000070e800000|  0%| F|  |TAMS 0x000000070e600000| PB 0x000000070e600000| Untracked |  0
| 107|0x000000070e800000, 0x000000070e800000, 0x000000070ea00000|  0%| F|  |TAMS 0x000000070e800000| PB 0x000000070e800000| Untracked |  0
| 108|0x000000070ea00000, 0x000000070ea00000, 0x000000070ec00000|  0%| F|  |TAMS 0x000000070ea00000| PB 0x000000070ea00000| Untracked |  0
| 109|0x000000070ec00000, 0x000000070ec00000, 0x000000070ee00000|  0%| F|  |TAMS 0x000000070ec00000| PB 0x000000070ec00000| Untracked |  0
| 110|0x000000070ee00000, 0x000000070ee00000, 0x000000070f000000|  0%| F|  |TAMS 0x000000070ee00000| PB 0x000000070ee00000| Untracked |  0
| 111|0x000000070f000000, 0x000000070f000000, 0x000000070f200000|  0%| F|  |TAMS 0x000000070f000000| PB 0x000000070f000000| Untracked |  0
| 112|0x000000070f200000, 0x000000070f200000, 0x000000070f400000|  0%| F|  |TAMS 0x000000070f200000| PB 0x000000070f200000| Untracked |  0
| 113|0x000000070f400000, 0x000000070f400000, 0x000000070f600000|  0%| F|  |TAMS 0x000000070f400000| PB 0x000000070f400000| Untracked |  0
| 114|0x000000070f600000, 0x000000070f600000, 0x000000070f800000|  0%| F|  |TAMS 0x000000070f600000| PB 0x000000070f600000| Untracked |  0
| 115|0x000000070f800000, 0x000000070f800000, 0x000000070fa00000|  0%| F|  |TAMS 0x000000070f800000| PB 0x000000070f800000| Untracked |  0
| 116|0x000000070fa00000, 0x000000070fa00000, 0x000000070fc00000|  0%| F|  |TAMS 0x000000070fa00000| PB 0x000000070fa00000| Untracked |  0
| 117|0x000000070fc00000, 0x000000070fcf5c48, 0x000000070fe00000| 48%| E|  |TAMS 0x000000070fc00000| PB 0x000000070fc00000| Complete |  0
| 118|0x000000070fe00000, 0x0000000710000000, 0x0000000710000000|100%| E|CS|TAMS 0x000000070fe00000| PB 0x000000070fe00000| Complete |  0
| 119|0x0000000710000000, 0x0000000710200000, 0x0000000710200000|100%| E|CS|TAMS 0x0000000710000000| PB 0x0000000710000000| Complete |  0
| 120|0x0000000710200000, 0x0000000710400000, 0x0000000710400000|100%| E|CS|TAMS 0x0000000710200000| PB 0x0000000710200000| Complete |  0
| 121|0x0000000710400000, 0x0000000710600000, 0x0000000710600000|100%| E|CS|TAMS 0x0000000710400000| PB 0x0000000710400000| Complete |  0
| 122|0x0000000710600000, 0x0000000710800000, 0x0000000710800000|100%| E|CS|TAMS 0x0000000710600000| PB 0x0000000710600000| Complete |  0
| 123|0x0000000710800000, 0x0000000710a00000, 0x0000000710a00000|100%| E|CS|TAMS 0x0000000710800000| PB 0x0000000710800000| Complete |  0
| 124|0x0000000710a00000, 0x0000000710c00000, 0x0000000710c00000|100%| E|CS|TAMS 0x0000000710a00000| PB 0x0000000710a00000| Complete |  0
| 125|0x0000000710c00000, 0x0000000710e00000, 0x0000000710e00000|100%| E|CS|TAMS 0x0000000710c00000| PB 0x0000000710c00000| Complete |  0
| 126|0x0000000710e00000, 0x0000000711000000, 0x0000000711000000|100%| E|CS|TAMS 0x0000000710e00000| PB 0x0000000710e00000| Complete |  0
| 127|0x0000000711000000, 0x0000000711200000, 0x0000000711200000|100%| E|CS|TAMS 0x0000000711000000| PB 0x0000000711000000| Complete |  0
|2038|0x00000007ffe00000, 0x00000007fff1c330, 0x0000000800000000| 55%| O|  |TAMS 0x00000007ffe00000| PB 0x00000007ffe00000| Untracked |  0

Card table byte_map: [0x0000023a50f70000,0x0000023a51770000] _byte_map_base: 0x0000023a4d767000

Marking Bits: (CMBitMap*) 0x0000023a3750c4c0
 Bits: [0x0000023a51770000, 0x0000023a55728000)

Polling page: 0x0000023a35780000

Metaspace:

Usage:
  Non-class:      3.20 MB used.
      Class:    306.40 KB used.
       Both:      3.49 MB used.

Virtual space:
  Non-class space:       64.00 MB reserved,       3.31 MB (  5%) committed,  1 nodes.
      Class space:        1.00 GB reserved,     384.00 KB ( <1%) committed,  1 nodes.
             Both:        1.06 GB reserved,       3.69 MB ( <1%) committed. 

Chunk freelists:
   Non-Class:  11.92 MB
       Class:  15.59 MB
        Both:  27.51 MB

MaxMetaspaceSize: unlimited
CompressedClassSpaceSize: 1.00 GB
Initial GC threshold: 21.00 MB
Current GC threshold: 21.00 MB
CDS: on
 - commit_granule_bytes: 65536.
 - commit_granule_words: 8192.
 - virtual_space_node_default_size: 8388608.
 - enlarge_chunks_in_place: 1.
UseCompressedClassPointers 1, UseCompactObjectHeaders 0
Narrow klass pointer bits 32, Max shift 3
Narrow klass base: 0x0000023a59000000, Narrow klass shift: 0
Encoding Range: [0x0000023a59000000 - 0x0000023b59000000), (4294967296 bytes)
Klass Range:    [0x0000023a59000000 - 0x0000023a9a000000), (1090519040 bytes)
Klass ID Range:  [8 - 1090519033) (1090519025)


Internal statistics:

num_allocs_failed_limit: 0.
num_arena_births: 68.
num_arena_deaths: 0.
num_vsnodes_births: 2.
num_vsnodes_deaths: 0.
num_space_committed: 59.
num_space_uncommitted: 0.
num_chunks_returned_to_freelist: 0.
num_chunks_taken_from_freelist: 74.
num_chunk_merges: 0.
num_chunk_splits: 52.
num_chunks_enlarged: 33.
num_inconsistent_stats: 0.

CodeHeap 'non-profiled nmethods': size=119232Kb used=484Kb max_used=484Kb free=118747Kb
 bounds [0x0000023a48530000, 0x0000023a487a0000, 0x0000023a4f9a0000]
CodeHeap 'profiled nmethods': size=119104Kb used=2023Kb max_used=2023Kb free=117080Kb
 bounds [0x0000023a409a0000, 0x0000023a40c10000, 0x0000023a47df0000]
CodeHeap 'non-nmethods': size=7424Kb used=2974Kb max_used=3139Kb free=4450Kb
 bounds [0x0000023a47df0000, 0x0000023a48110000, 0x0000023a48530000]
CodeCache: size=245760Kb, used=5481Kb, max_used=5646Kb, free=240277Kb
 total_blobs=1872, nmethods=1415, adapters=359, full_count=0
Compilation: enabled, stopped_count=0, restarted_count=0

Compilation events (20 events):
Event: 0.467 Thread 0x0000023a58765560 nmethod 1405 0x0000023a48598688 code [0x0000023a48598780, 0x0000023a48598848]
Event: 0.467 Thread 0x0000023a9fa009c0 nmethod 1404 0x0000023a48598988 code [0x0000023a48598a80, 0x0000023a48598b48]
Event: 0.467 Thread 0x0000023a5887c9d0 1408   !   3       jdk.jfr.internal.Control::setValue (102 bytes)
Event: 0.467 Thread 0x0000023a5889f2d0 1409       3       java.lang.String::endsWith (15 bytes)
Event: 0.467 Thread 0x0000023a9e7fd6a0 1410       4       java.util.HashMap$HashIterator::nextNode (100 bytes)
Event: 0.467 Thread 0x0000023a9fa009c0 1411       3       jdk.jfr.internal.SettingsManager$InternalSetting::getValues (35 bytes)
Event: 0.467 Thread 0x0000023a58765560 1412       3       jdk.jfr.internal.Control::apply (10 bytes)
Event: 0.467 Thread 0x0000023a58765560 nmethod 1412 0x0000023a40b96088 code [0x0000023a40b961c0, 0x0000023a40b963d0]
Event: 0.467 Thread 0x0000023a9fa009c0 nmethod 1411 0x0000023a40b96408 code [0x0000023a40b96560, 0x0000023a40b96a50]
Event: 0.467 Thread 0x0000023a58765560 1413       3       jdk.jfr.internal.Control::findCombine (121 bytes)
Event: 0.467 Thread 0x0000023a5889f2d0 nmethod 1409 0x0000023a40b96a88 code [0x0000023a40b96be0, 0x0000023a40b971a8]
Event: 0.468 Thread 0x0000023a58765560 nmethod 1413 0x0000023a40b97208 code [0x0000023a40b97420, 0x0000023a40b98420]
Event: 0.468 Thread 0x0000023a5887c9d0 nmethod 1408 0x0000023a40b98488 code [0x0000023a40b98720, 0x0000023a40b99ba0]
Event: 0.469 Thread 0x0000023a5887c9d0 1414       1       jdk.jfr.internal.periodic.EventTask::getEventType (5 bytes)
Event: 0.469 Thread 0x0000023a5887c9d0 nmethod 1414 0x0000023a48598c88 code [0x0000023a48598d80, 0x0000023a48598e48]
Event: 0.469 Thread 0x0000023a9fa009c0 1415       1       jdk.jfr.internal.periodic.PeriodicTask::getPeriod (5 bytes)
Event: 0.469 Thread 0x0000023a9fa009c0 nmethod 1415 0x0000023a48598f88 code [0x0000023a48599080, 0x0000023a48599148]
Event: 0.470 Thread 0x0000023a9e7fd6a0 nmethod 1410 0x0000023a48599288 code [0x0000023a485993a0, 0x0000023a485999a8]
Event: 0.473 Thread 0x0000023a587409b0 nmethod 1392 0x0000023a48599a08 code [0x0000023a48599b20, 0x0000023a4859a140]
Event: 0.484 Thread 0x0000023a9e28f3a0 nmethod 1361 0x0000023a4859a188 code [0x0000023a4859a440, 0x0000023a4859be10]

GC Heap History (0 events):
No events

Dll operation events (10 events):
Event: 0.039 Loaded shared library C:\Users\larin\.jdks\openjdk-24.0.2\bin\java.dll
Event: 0.074 Loaded shared library C:\Users\larin\.jdks\openjdk-24.0.2\bin\jsvml.dll
Event: 0.127 Loaded shared library C:\Users\larin\.jdks\openjdk-24.0.2\bin\zip.dll
Event: 0.129 Loaded shared library C:\Users\larin\.jdks\openjdk-24.0.2\bin\instrument.dll
Event: 0.134 Loaded shared library C:\Users\larin\.jdks\openjdk-24.0.2\bin\net.dll
Event: 0.142 Loaded shared library C:\Users\larin\.jdks\openjdk-24.0.2\bin\nio.dll
Event: 0.150 Loaded shared library C:\Users\larin\.jdks\openjdk-24.0.2\bin\zip.dll
Event: 0.161 Loaded shared library C:\Program Files\JetBrains\IntelliJIdea2024.2\bin\breakgen64.dll
Event: 0.173 Loaded shared library C:\Users\larin\.jdks\openjdk-24.0.2\bin\extnet.dll
Event: 0.216 Loaded shared library C:\Users\larin\.jdks\openjdk-24.0.2\bin\jimage.dll

Deoptimization events (20 events):
Event: 0.434 Thread 0x0000023a374a2040 Uncommon trap: trap_request=0xffffffd6 fr.pc=0x0000023a4858ab9c relative=0x00000000000006bc
Event: 0.434 Thread 0x0000023a374a2040 Uncommon trap: reason=array_check action=maybe_recompile pc=0x0000023a4858ab9c method=jdk.internal.classfile.impl.SplitConstantPool.internalAdd(Ljava/lang/classfile/constantpool/PoolEntry;I)Ljava/lang/classfile/constantpool/PoolEntry; @ 46 c2
Event: 0.434 Thread 0x0000023a374a2040 DEOPT PACKING pc=0x0000023a4858ab9c sp=0x0000003edeffcec0
Event: 0.434 Thread 0x0000023a374a2040 DEOPT UNPACKING pc=0x0000023a47f08602 sp=0x0000003edeffce70 mode 2
Event: 0.434 Thread 0x0000023a374a2040 Uncommon trap: trap_request=0xffffffd6 fr.pc=0x0000023a4858ab9c relative=0x00000000000006bc
Event: 0.434 Thread 0x0000023a374a2040 Uncommon trap: reason=array_check action=maybe_recompile pc=0x0000023a4858ab9c method=jdk.internal.classfile.impl.SplitConstantPool.internalAdd(Ljava/lang/classfile/constantpool/PoolEntry;I)Ljava/lang/classfile/constantpool/PoolEntry; @ 46 c2
Event: 0.434 Thread 0x0000023a374a2040 DEOPT PACKING pc=0x0000023a4858ab9c sp=0x0000003edeffcd30
Event: 0.434 Thread 0x0000023a374a2040 DEOPT UNPACKING pc=0x0000023a47f08602 sp=0x0000003edeffcce0 mode 2
Event: 0.434 Thread 0x0000023a374a2040 Uncommon trap: trap_request=0xffffffd6 fr.pc=0x0000023a4858ab9c relative=0x00000000000006bc
Event: 0.434 Thread 0x0000023a374a2040 Uncommon trap: reason=array_check action=maybe_recompile pc=0x0000023a4858ab9c method=jdk.internal.classfile.impl.SplitConstantPool.internalAdd(Ljava/lang/classfile/constantpool/PoolEntry;I)Ljava/lang/classfile/constantpool/PoolEntry; @ 46 c2
Event: 0.434 Thread 0x0000023a374a2040 DEOPT PACKING pc=0x0000023a4858ab9c sp=0x0000003edeffcd10
Event: 0.434 Thread 0x0000023a374a2040 DEOPT UNPACKING pc=0x0000023a47f08602 sp=0x0000003edeffccc0 mode 2
Event: 0.455 Thread 0x0000023a374a2040 Uncommon trap: trap_request=0xffffff4d fr.pc=0x0000023a48592e1c relative=0x00000000000003fc
Event: 0.455 Thread 0x0000023a374a2040 Uncommon trap: reason=unstable_if action=reinterpret pc=0x0000023a48592e1c method=java.io.ByteArrayOutputStream.ensureCapacity(I)V @ 11 c2
Event: 0.455 Thread 0x0000023a374a2040 DEOPT PACKING pc=0x0000023a48592e1c sp=0x0000003edeffdc00
Event: 0.455 Thread 0x0000023a374a2040 DEOPT UNPACKING pc=0x0000023a47f08602 sp=0x0000003edeffdaf0 mode 2
Event: 0.459 Thread 0x0000023a374a2040 Uncommon trap: trap_request=0xffffff4d fr.pc=0x0000023a4859283c relative=0x000000000000021c
Event: 0.459 Thread 0x0000023a374a2040 Uncommon trap: reason=unstable_if action=reinterpret pc=0x0000023a4859283c method=java.io.ByteArrayOutputStream.ensureCapacity(I)V @ 11 c2
Event: 0.459 Thread 0x0000023a374a2040 DEOPT PACKING pc=0x0000023a4859283c sp=0x0000003edeffdac0
Event: 0.459 Thread 0x0000023a374a2040 DEOPT UNPACKING pc=0x0000023a47f08602 sp=0x0000003edeffda08 mode 2

Classes loaded (20 events):
Event: 0.442 Loading class jdk/jfr/internal/MetadataWriter
Event: 0.442 Loading class jdk/jfr/internal/MetadataWriter done
Event: 0.442 Loading class jdk/jfr/internal/MetadataDescriptor$Element
Event: 0.442 Loading class jdk/jfr/internal/MetadataDescriptor$Element done
Event: 0.443 Loading class jdk/jfr/internal/MetadataDescriptor$Attribute
Event: 0.443 Loading class jdk/jfr/internal/MetadataDescriptor$Attribute done
Event: 0.452 Loading class jdk/jfr/internal/consumer/StringParser$Encoding
Event: 0.452 Loading class jdk/jfr/internal/consumer/StringParser$Encoding done
Event: 0.460 Loading class jdk/jfr/internal/consumer/RepositoryFiles
Event: 0.461 Loading class jdk/jfr/internal/consumer/RepositoryFiles done
Event: 0.463 Loading class jdk/jfr/internal/SettingsManager$InternalSetting
Event: 0.464 Loading class jdk/jfr/internal/SettingsManager$InternalSetting done
Event: 0.466 Loading class jdk/jfr/internal/util/Rate
Event: 0.466 Loading class jdk/jfr/internal/util/Rate done
Event: 0.466 Loading class jdk/jfr/internal/util/TimespanUnit
Event: 0.466 Loading class jdk/jfr/internal/util/TimespanUnit done
Event: 0.466 Loading class jdk/jfr/internal/util/ValueParser
Event: 0.466 Loading class jdk/jfr/internal/util/ValueParser done
Event: 0.468 Loading class jdk/jfr/internal/periodic/PeriodicType
Event: 0.468 Loading class jdk/jfr/internal/periodic/PeriodicType done

Classes unloaded (0 events):
No events

Classes redefined (0 events):
No events

Internal exceptions (18 events):
Event: 0.150 Thread 0x0000023a374a2040 Exception <a 'java/lang/NoSuchMethodError'{0x0000000710f48b08}: 'void java.lang.invoke.DirectMethodHandle$Holder.invokeStatic(java.lang.Object, java.lang.Object, java.lang.Object)'> (0x0000000710f48b08) 
thrown [s\open\src\hotspot\share\interpreter\linkResolver.cpp, line 805]
Event: 0.156 Thread 0x0000023a374a2040 Exception <a 'java/lang/NoSuchMethodError'{0x0000000710f7d6c8}: 'java.lang.Object java.lang.invoke.Invokers$Holder.invokeExact_MT(java.lang.Object, java.lang.Object, java.lang.Object, java.lang.Object, java.lang.Object)'> (0x0000000710f7d6c8) 
thrown [s\open\src\hotspot\share\interpreter\linkResolver.cpp, line 805]
Event: 0.167 Thread 0x0000023a374a2040 Exception <a 'java/lang/NoSuchMethodError'{0x0000000710f8ff10}: 'java.lang.Object java.lang.invoke.DirectMethodHandle$Holder.invokeStaticInit(java.lang.Object, java.lang.Object, java.lang.Object)'> (0x0000000710f8ff10) 
thrown [s\open\src\hotspot\share\interpreter\linkResolver.cpp, line 805]
Event: 0.171 Thread 0x0000023a9e008480 Exception <a 'java/lang/NoSuchMethodError'{0x0000000710ff0c50}: 'java.lang.Object java.lang.invoke.DirectMethodHandle$Holder.invokeStaticInit(java.lang.Object)'> (0x0000000710ff0c50) 
thrown [s\open\src\hotspot\share\interpreter\linkResolver.cpp, line 805]
Event: 0.175 Thread 0x0000023a9e008480 Exception <a 'java/lang/NoSuchMethodError'{0x0000000710ffb9c8}: 'void java.lang.invoke.DirectMethodHandle$Holder.invokeStatic(java.lang.Object, java.lang.Object)'> (0x0000000710ffb9c8) 
thrown [s\open\src\hotspot\share\interpreter\linkResolver.cpp, line 805]
Event: 0.260 Thread 0x0000023a374a2040 Exception <a 'java/lang/NoSuchMethodError'{0x0000000710874820}: 'void java.lang.invoke.DirectMethodHandle$Holder.invokeStaticInit(java.lang.Object)'> (0x0000000710874820) 
thrown [s\open\src\hotspot\share\interpreter\linkResolver.cpp, line 805]
Event: 0.274 Thread 0x0000023a374a2040 Exception <a 'java/lang/NoSuchMethodError'{0x00000007108e58d8}: 'void java.lang.invoke.DirectMethodHandle$Holder.invokeSpecial(java.lang.Object, java.lang.Object, java.lang.Object)'> (0x00000007108e58d8) 
thrown [s\open\src\hotspot\share\interpreter\linkResolver.cpp, line 805]
Event: 0.287 Thread 0x0000023a374a2040 Exception <a 'java/lang/NoSuchMethodError'{0x00000007109508b8}: 'java.lang.Object java.lang.invoke.DirectMethodHandle$Holder.newInvokeSpecial(java.lang.Object, java.lang.Object, java.lang.Object, java.lang.Object, java.lang.Object)'> (0x00000007109508b8) 
thrown [s\open\src\hotspot\share\interpreter\linkResolver.cpp, line 805]
Event: 0.324 Thread 0x0000023a374a2040 Exception <a 'java/lang/NoSuchMethodError'{0x00000007106e7d78}: 'long java.lang.invoke.DirectMethodHandle$Holder.invokeVirtual(java.lang.Object, java.lang.Object)'> (0x00000007106e7d78) 
thrown [s\open\src\hotspot\share\interpreter\linkResolver.cpp, line 805]
Event: 0.371 Thread 0x0000023a374a2040 Exception <a 'java/lang/NoSuchMethodError'{0x0000000710245ee8}: 'int java.lang.invoke.DirectMethodHandle$Holder.invokeSpecial(java.lang.Object, java.lang.Object, java.lang.Object)'> (0x0000000710245ee8) 
thrown [s\open\src\hotspot\share\interpreter\linkResolver.cpp, line 805]
Event: 0.423 Thread 0x0000023a374a2040 Exception <a 'java/lang/NoSuchMethodError'{0x000000071001d488}: 'void java.lang.invoke.DirectMethodHandle$Holder.invokeSpecial(java.lang.Object, java.lang.Object, int)'> (0x000000071001d488) 
thrown [s\open\src\hotspot\share\interpreter\linkResolver.cpp, line 805]
Event: 0.424 Thread 0x0000023a374a2040 Exception <a 'java/lang/NoSuchMethodError'{0x00000007100250a8}: 'void java.lang.invoke.Invokers$Holder.invokeExact_MT(java.lang.Object, int, java.lang.Object)'> (0x00000007100250a8) 
thrown [s\open\src\hotspot\share\interpreter\linkResolver.cpp, line 805]
Event: 0.426 Thread 0x0000023a374a2040 Exception <a 'java/lang/NoSuchMethodError'{0x000000071003f958}: 'void java.lang.invoke.DirectMethodHandle$Holder.invokeStatic(java.lang.Object, java.lang.Object, int)'> (0x000000071003f958) 
thrown [s\open\src\hotspot\share\interpreter\linkResolver.cpp, line 805]
Event: 0.426 Thread 0x0000023a374a2040 Exception <a 'java/lang/NoSuchMethodError'{0x000000071004ea48}: 'java.lang.Object java.lang.invoke.DirectMethodHandle$Holder.newInvokeSpecial(java.lang.Object, java.lang.Object, int)'> (0x000000071004ea48) 
thrown [s\open\src\hotspot\share\interpreter\linkResolver.cpp, line 805]
Event: 0.427 Thread 0x0000023a9f9d9700 Exception <a 'java/lang/NoSuchMethodError'{0x00000007100f6f68}: 'long java.lang.invoke.DirectMethodHandle$Holder.invokeSpecial(java.lang.Object, java.lang.Object)'> (0x00000007100f6f68) 
thrown [s\open\src\hotspot\share\interpreter\linkResolver.cpp, line 805]
Event: 0.431 Thread 0x0000023a374a2040 Exception <a 'sun/nio/fs/WindowsException'{0x0000000710083948}> (0x0000000710083948) 
thrown [s\open\src\hotspot\share\prims\jni.cpp, line 518]
Event: 0.435 Thread 0x0000023a374a2040 Exception <a 'sun/nio/fs/WindowsException'{0x00000007100907f0}> (0x00000007100907f0) 
thrown [s\open\src\hotspot\share\prims\jni.cpp, line 518]
Event: 0.439 Thread 0x0000023a374a2040 Exception <a 'sun/nio/fs/WindowsException'{0x00000007100a25d0}> (0x00000007100a25d0) 
thrown [s\open\src\hotspot\share\prims\jni.cpp, line 518]

VM Operations (8 events):
Event: 0.115 Executing VM operation: HandshakeAllThreads (Deoptimize)
Event: 0.115 Executing VM operation: HandshakeAllThreads (Deoptimize) done
Event: 0.428 Executing VM operation: HandshakeAllThreads (Deoptimize)
Event: 0.428 Executing VM operation: HandshakeAllThreads (Deoptimize) done
Event: 0.430 Executing VM operation: HandshakeAllThreads (Deoptimize)
Event: 0.430 Executing VM operation: HandshakeAllThreads (Deoptimize) done
Event: 0.461 Executing VM operation: JFRSafepointClear
Event: 0.461 Executing VM operation: JFRSafepointClear done

Memory protections (0 events):
No events

Nmethod flushes (0 events):
No events

Events (20 events):
Event: 0.055 Thread 0x0000023a374a2040 Thread added: 0x0000023a374a2040
Event: 0.065 Thread 0x0000023a374a2040 Thread added: 0x0000023a587221d0
Event: 0.065 Thread 0x0000023a374a2040 Thread added: 0x0000023a58724130
Event: 0.065 Thread 0x0000023a374a2040 Thread added: 0x0000023a5872ac20
Event: 0.065 Thread 0x0000023a374a2040 Thread added: 0x0000023a5872b750
Event: 0.066 Thread 0x0000023a374a2040 Thread added: 0x0000023a5872c280
Event: 0.066 Thread 0x0000023a374a2040 Thread added: 0x0000023a5872cdb0
Event: 0.066 Thread 0x0000023a374a2040 Thread added: 0x0000023a587409b0
Event: 0.066 Thread 0x0000023a374a2040 Thread added: 0x0000023a58765560
Event: 0.115 Thread 0x0000023a58765560 Thread added: 0x0000023a5887c9d0
Event: 0.117 Thread 0x0000023a58765560 Thread added: 0x0000023a5889f2d0
Event: 0.132 Thread 0x0000023a374a2040 Thread added: 0x0000023a589f2b90
Event: 0.162 Thread 0x0000023a374a2040 Thread added: 0x0000023a9e008480
Event: 0.196 Thread 0x0000023a58765560 Thread added: 0x0000023a9e7fd6a0
Event: 0.231 Thread 0x0000023a9e7fd6a0 Thread added: 0x0000023a9ea09840
Event: 0.231 Thread 0x0000023a9e7fd6a0 Thread added: 0x0000023a9e6746b0
Event: 0.231 Thread 0x0000023a9e7fd6a0 Thread added: 0x0000023a9e28f3a0
Event: 0.259 Thread 0x0000023a374a2040 Thread added: 0x0000023a9f8500d0
Event: 0.390 Thread 0x0000023a58765560 Thread added: 0x0000023a9fa009c0
Event: 0.427 Thread 0x0000023a374a2040 Thread added: 0x0000023a9f9d9700


Dynamic libraries:
0x00007ff66a930000 - 0x00007ff66a93e000 	C:\Users\larin\.jdks\openjdk-24.0.2\bin\java.exe
0x00007ff9c4370000 - 0x00007ff9c4568000 	C:\Windows\SYSTEM32\ntdll.dll
0x00007ff9c2ea0000 - 0x00007ff9c2f62000 	C:\Windows\System32\KERNEL32.DLL
0x00007ff9c1e30000 - 0x00007ff9c2126000 	C:\Windows\System32\KERNELBASE.dll
0x00007ff9c1d00000 - 0x00007ff9c1e00000 	C:\Windows\System32\ucrtbase.dll
0x00007ff9bdfe0000 - 0x00007ff9bdff6000 	C:\Users\larin\.jdks\openjdk-24.0.2\bin\jli.dll
0x00007ff9c2bb0000 - 0x00007ff9c2d4d000 	C:\Windows\System32\USER32.dll
0x00007ff9c1e00000 - 0x00007ff9c1e22000 	C:\Windows\System32\win32u.dll
0x00007ff9c4260000 - 0x00007ff9c428b000 	C:\Windows\System32\GDI32.dll
0x00007ff9c1be0000 - 0x00007ff9c1cf9000 	C:\Windows\System32\gdi32full.dll
0x00007ff9c1a00000 - 0x00007ff9c1a9d000 	C:\Windows\System32\msvcp_win.dll
0x00007ff9a8690000 - 0x00007ff9a892a000 	C:\Windows\WinSxS\amd64_microsoft.windows.common-controls_6595b64144ccf1df_6.0.19041.5915_none_60b4b9d171f9c7c7\COMCTL32.dll
0x00007ff9c3960000 - 0x00007ff9c39fe000 	C:\Windows\System32\msvcrt.dll
0x00007ff9b04e0000 - 0x00007ff9b04fb000 	C:\Users\larin\.jdks\openjdk-24.0.2\bin\VCRUNTIME140.dll
0x00007ff9c2390000 - 0x00007ff9c23bf000 	C:\Windows\System32\IMM32.DLL
0x0000000069d50000 - 0x0000000069d5c000 	E:\Programms\360\Total Security\safemon\SafeWrapper.dll
0x00007ff9c41a0000 - 0x00007ff9c4251000 	C:\Windows\System32\ADVAPI32.dll
0x00007ff9c2e00000 - 0x00007ff9c2e9f000 	C:\Windows\System32\sechost.dll
0x00007ff9c3830000 - 0x00007ff9c3953000 	C:\Windows\System32\RPCRT4.dll
0x00007ff9c2360000 - 0x00007ff9c2387000 	C:\Windows\System32\bcrypt.dll
0x00007ff984000000 - 0x00007ff9840ac000 	E:\Programms\360\Total Security\safemon\libzdtp64.dll
0x00007ff9c2f80000 - 0x00007ff9c36ee000 	C:\Windows\System32\SHELL32.dll
0x00007ff9c4080000 - 0x00007ff9c40db000 	C:\Windows\System32\SHLWAPI.dll
0x00007ff9c14f0000 - 0x00007ff9c14fa000 	C:\Windows\SYSTEM32\VERSION.dll
0x00007ff9bdfd0000 - 0x00007ff9bdfdc000 	C:\Users\larin\.jdks\openjdk-24.0.2\bin\vcruntime140_1.dll
0x00007ff976cd0000 - 0x00007ff976d5e000 	C:\Users\larin\.jdks\openjdk-24.0.2\bin\msvcp140.dll
0x00007ff94a710000 - 0x00007ff94b4b1000 	C:\Users\larin\.jdks\openjdk-24.0.2\bin\server\jvm.dll
0x00007ff9c3e00000 - 0x00007ff9c3e6b000 	C:\Windows\System32\WS2_32.dll
0x00007ff9c1760000 - 0x00007ff9c17ab000 	C:\Windows\SYSTEM32\POWRPROF.dll
0x00007ff9b6bd0000 - 0x00007ff9b6bf7000 	C:\Windows\SYSTEM32\WINMM.dll
0x00007ff9c1560000 - 0x00007ff9c1572000 	C:\Windows\SYSTEM32\UMPDC.dll
0x00007ff9bf830000 - 0x00007ff9bf842000 	C:\Windows\SYSTEM32\kernel.appcore.dll
0x00007ff9afb50000 - 0x00007ff9afb5a000 	C:\Users\larin\.jdks\openjdk-24.0.2\bin\jimage.dll
0x00007ff9b6270000 - 0x00007ff9b6471000 	C:\Windows\SYSTEM32\DBGHELP.DLL
0x00007ff9a2f80000 - 0x00007ff9a2fb4000 	C:\Windows\SYSTEM32\dbgcore.DLL
0x00007ff9c1aa0000 - 0x00007ff9c1b22000 	C:\Windows\System32\bcryptPrimitives.dll
0x00007ff9afb60000 - 0x00007ff9afb6f000 	C:\Users\larin\.jdks\openjdk-24.0.2\bin\instrument.dll
0x00007ff9afb70000 - 0x00007ff9afb8e000 	C:\Users\larin\.jdks\openjdk-24.0.2\bin\java.dll
0x00007ff9c23c0000 - 0x00007ff9c24eb000 	C:\Windows\System32\ole32.dll
0x00007ff9c3a10000 - 0x00007ff9c3d63000 	C:\Windows\System32\combase.dll
0x00007ff96c010000 - 0x00007ff96c209000 	C:\Users\larin\AppData\Local\Temp\idea_libasyncProfiler_dll_temp_folder\libasyncProfiler.dll
0x00007ff9bfa30000 - 0x00007ff9c01d4000 	C:\Windows\SYSTEM32\windows.storage.dll
0x00007ff9c1350000 - 0x00007ff9c137b000 	C:\Windows\SYSTEM32\Wldp.dll
0x00007ff9c24f0000 - 0x00007ff9c25bd000 	C:\Windows\System32\OLEAUT32.dll
0x00007ff9c40e0000 - 0x00007ff9c418d000 	C:\Windows\System32\SHCORE.dll
0x00007ff9c1930000 - 0x00007ff9c1954000 	C:\Windows\SYSTEM32\profapi.dll
0x00007ff974e40000 - 0x00007ff974f17000 	C:\Users\larin\.jdks\openjdk-24.0.2\bin\jsvml.dll
0x00007ff9afb00000 - 0x00007ff9afb17000 	C:\Users\larin\.jdks\openjdk-24.0.2\bin\zip.dll
0x00007ff9afb40000 - 0x00007ff9afb50000 	C:\Users\larin\.jdks\openjdk-24.0.2\bin\net.dll
0x00007ff9c1050000 - 0x00007ff9c10ba000 	C:\Windows\system32\mswsock.dll
0x00007ff9afb20000 - 0x00007ff9afb36000 	C:\Users\larin\.jdks\openjdk-24.0.2\bin\nio.dll
0x00007ff9afae0000 - 0x00007ff9afafa000 	C:\Program Files\JetBrains\IntelliJIdea2024.2\bin\breakgen64.dll
0x00007ff9a9950000 - 0x00007ff9a9959000 	C:\Users\larin\.jdks\openjdk-24.0.2\bin\extnet.dll

JVMTI agents:
C:\Program Files\JetBrains\IntelliJIdea2024.2\lib\idea_rt.jar path:C:\Users\larin\.jdks\openjdk-24.0.2\bin\instrument.dll, loaded, initialized, instrumentlib options:57463:C:\Program Files\JetBrains\IntelliJIdea2024.2\bin
C:\Users\larin\AppData\Local\Temp\idea_libasyncProfiler_dll_temp_folder\libasyncProfiler.dll path:C:\Users\larin\AppData\Local\Temp\idea_libasyncProfiler_dll_temp_folder\libasyncProfiler.dll, loaded, initialized, options:start,jfr,event=wall,interval=10ms,jfrsync=profile,cstack=no,file=C:\Users\larin\IdeaSnapshots\UserServiceTest_removeUserById_2025_08_13_184655.jfr,dbghelppath=C:\Users\larin\AppData\Local\Temp\idea_dbghelp_dll_temp_folder\dbghelp.dll,log=C:\Users\larin\AppData\Local\Temp\UserServiceTest_removeUserById_2025_08_13_184655.jfr.log.txt,logLevel=DEBUG

dbghelp: loaded successfully - version: 4.0.5 - missing functions: none
symbol engine: initialized successfully - sym options: 0x614 - pdb path: .;C:\Users\larin\.jdks\openjdk-24.0.2\bin;C:\Windows\SYSTEM32;C:\Windows\WinSxS\amd64_microsoft.windows.common-controls_6595b64144ccf1df_6.0.19041.5915_none_60b4b9d171f9c7c7;E:\Programms\360\Total Security\safemon;C:\Users\larin\.jdks\openjdk-24.0.2\bin\server;C:\Users\larin\AppData\Local\Temp\idea_libasyncProfiler_dll_temp_folder;C:\Program Files\JetBrains\IntelliJIdea2024.2\bin

VM Arguments:
jvm_args: -ea -Didea.test.cyclic.buffer.size=1048576 -javaagent:C:\Program Files\JetBrains\IntelliJIdea2024.2\lib\idea_rt.jar=57463:C:\Program Files\JetBrains\IntelliJIdea2024.2\bin -agentpath:C:\Users\larin\AppData\Local\Temp\idea_libasyncProfiler_dll_temp_folder\libasyncProfiler.dll=start,jfr,event=wall,interval=10ms,jfrsync=profile,cstack=no,file=C:\Users\larin\IdeaSnapshots\UserServiceTest_removeUserById_2025_08_13_184655.jfr,dbghelppath=C:\Users\larin\AppData\Local\Temp\idea_dbghelp_dll_temp_folder\dbghelp.dll,log=C:\Users\larin\AppData\Local\Temp\UserServiceTest_removeUserById_2025_08_13_184655.jfr.log.txt,logLevel=DEBUG -Dfile.encoding=UTF-8 -Dsun.stdout.encoding=UTF-8 -Dsun.stderr.encoding=UTF-8 
java_command: com.intellij.rt.junit.JUnitStarter -ideVersion5 -junit4 UserServiceTest,removeUserById
java_class_path (initial): C:\Program Files\JetBrains\IntelliJIdea2024.2\lib\idea_rt.jar;C:\Program Files\JetBrains\IntelliJIdea2024.2\plugins\junit\lib\junit5-rt.jar;C:\Program Files\JetBrains\IntelliJIdea2024.2\plugins\junit\lib\junit-rt.jar;C:\Users\larin\Desktop\Git\PP_1_1_3-4_JDBC_Hibernate-master\target\test-classes;C:\Users\larin\Desktop\Git\PP_1_1_3-4_JDBC_Hibernate-master\target\classes;C:\Users\larin\.m2\repository\junit\junit\4.13.2\junit-4.13.2.jar;C:\Users\larin\.m2\repository\org\hamcrest\hamcrest-core\1.3\hamcrest-core-1.3.jar;C:\Users\larin\.m2\repository\mysql\mysql-connector-java\8.0.25\mysql-connector-java-8.0.25.jar;C:\Users\larin\.m2\repository\com\google\protobuf\protobuf-java\3.11.4\protobuf-java-3.11.4.jar;C:\Users\larin\.m2\repository\org\hibernate\javax\persistence\hibernate-jpa-2.1-api\1.0.2.Final\hibernate-jpa-2.1-api-1.0.2.Final.jar;C:\Users\larin\.m2\repository\org\hibernate\hibernate-core\5.6.3.Final\hibernate-core-5.6.3.Final.jar;C:\Users\larin\.m2\repository\org\jboss\logging\jboss-logging\3.4.2.Final\jboss-logging-3.4.2.Final.jar;C:\Users\larin\.m2\repository\javax\persistence\javax.persistence-api\2.2\javax.persistence-api-2.2.jar;C:\Users\larin\.m2\repository\net\bytebuddy\byte-buddy\1.11.20\byte-buddy-1.11.20.jar;C:\Users\larin\.m2\repository\antlr\antlr\2.7.7\antlr-2.7.7.jar;C:\Users\larin\.m2\repository\org\jboss\spec\javax\transaction\jboss-transaction-api_1.2_spec\1.1.1.Final\jboss-transaction-api_1.2_spec-1.1.1.Final.jar;C:\Users\larin\.m2\repository\org\jboss\jandex\2.2.3.Final\jandex-2.2.3.Final.jar;C:\Users\larin\.m2\repository\com\fasterxml\classmate\1.5.1\classmate-1.5.1.jar;C:\Users\larin\.m2\repository\javax\activation\javax.activation-api\1.2.0\javax.activation-api-1.2.0.jar;C:\Users\larin\.m2\repository\org\hibernate\common\hibernate-commons-annotations\5.1.2.Final\hibernate-commons-annotations-5.1.2.Final.jar;C:\Users\larin\.m2\repository\javax\xml\bind\jaxb-api\2.3.1\jaxb-api-2.3.1.jar;C:\Users\larin\.m2\repository\org\glassfish\jaxb\jaxb-runtime\2.3.1\jaxb-runtime-2.3.1.jar;C:\Users\larin\.m2\repository\org\glassfish\jaxb\txw2\2.3.1\txw2-2.3.1.jar;C:\Users\larin\.m2\repository\com\sun\istack\istack-commons-runtime\3.0.7\istack-commons-runtime-3.0.7.jar;C:\Users\larin\.m2\repository\org\jvnet\staxex\stax-ex\1.8\stax-ex-1.8.jar;C:\Users\larin\.m2\repository\com\sun\xml\fastinfoset\FastInfoset\1.2.15\FastInfoset-1.2.15.jar
Launcher Type: SUN_STANDARD

[Global flags]
     intx CICompilerCount                          = 12                                        {product} {ergonomic}
     uint ConcGCThreads                            = 3                                         {product} {ergonomic}
     bool FlightRecorder                           = true                                      {product} {management}
     uint G1ConcRefinementThreads                  = 13                                        {product} {ergonomic}
   size_t G1HeapRegionSize                         = 2097152                                   {product} {ergonomic}
   size_t InitialHeapSize                          = 268435456                                 {product} {ergonomic}
   size_t MarkStackSize                            = 4194304                                   {product} {ergonomic}
   size_t MarkStackSizeMax                         = 536870912                                 {product} {ergonomic}
   size_t MaxHeapSize                              = 4276092928                                {product} {ergonomic}
   size_t MaxNewSize                               = 2564816896                                {product} {ergonomic}
   size_t MinHeapDeltaBytes                        = 2097152                                   {product} {ergonomic}
   size_t MinHeapSize                              = 8388608                                   {product} {ergonomic}
    uintx NonNMethodCodeHeapSize                   = 7602176                                {pd product} {ergonomic}
    uintx NonProfiledCodeHeapSize                  = 122093568                              {pd product} {ergonomic}
    uintx ProfiledCodeHeapSize                     = 121962496                              {pd product} {ergonomic}
    uintx ReservedCodeCacheSize                    = 251658240                              {pd product} {ergonomic}
     bool SegmentedCodeCache                       = true                                      {product} {ergonomic}
   size_t SoftMaxHeapSize                          = 4276092928                             {manageable} {ergonomic}
     bool UseCompressedOops                        = true                           {product lp64_product} {ergonomic}
     bool UseG1GC                                  = true                                      {product} {ergonomic}
     bool UseLargePagesIndividualAllocation        = false                                  {pd product} {ergonomic}

Logging:
Log output configuration:
 #0: stdout all=warning uptime,level,tags foldmultilines=false
 #1: stderr all=off uptime,level,tags foldmultilines=false

Environment Variables:
JAVA_HOME=C:\Java\jdk-23.0.2
PATH=C:\Program Files\Common Files\Oracle\Java\javapath;C:\Windows\system32;C:\Windows;C:\Windows\System32\Wbem;C:\Windows\System32\WindowsPowerShell\v1.0\;C:\Windows\System32\OpenSSH\;C:\Program Files (x86)\NVIDIA Corporation\PhysX\Common;C:\Program Files\dotnet\;C:\Program Files\NVIDIA Corporation\NVIDIA app\NvDLISR;C:\Java\jdk-23.0.2\bin;C:\Program Files\Git\cmd;C:\Program Files\Maven\apache-maven-3.9.11\bin;C:\Users\larin\AppData\Local\Microsoft\WindowsApps;C:\Users\larin\AppData\Local\GitHubDesktop\bin;C:\Users\larin\.dotnet\tools;C:\Program Files\JetBrains\IntelliJ IDEA Community Edition 2024.3.4.1\bin;
USERNAME=larin
OS=Windows_NT
PROCESSOR_IDENTIFIER=AMD64 Family 23 Model 8 Stepping 2, AuthenticAMD
TMP=C:\Users\larin\AppData\Local\Temp
TEMP=C:\Users\larin\AppData\Local\Temp




Periodic native trim disabled

---------------  S Y S T E M  ---------------

OS:
 Windows 10 , 64 bit Build 19041 (10.0.19041.5915)
OS uptime: 1 days 23:07 hours

CPU: total 16 (initial active 16) (16 cores per cpu, 2 threads per core) family 23 model 8 stepping 2 microcode 0x0, cx8, cmov, fxsr, ht, mmx, 3dnowpref, sse, sse2, sse3, ssse3, sse4a, sse4.1, sse4.2, popcnt, lzcnt, tsc, tscinvbit, avx, avx2, aes, clmul, bmi1, bmi2, adx, sha, fma, vzeroupper, clflush, clflushopt, rdtscp, f16c
Processor Information for the first 16 processors :
  Max Mhz: 3700, Current Mhz: 3700, Mhz Limit: 3700

Memory: 4k page, system-wide physical 16304M (5759M free)
TotalPageFile size 20770M (AvailPageFile size 6418M)
current process WorkingSet (physical memory assigned to process): 90M, peak: 97M
current process commit charge ("private bytes"): 410M, peak: 423M

vm_info: OpenJDK 64-Bit Server VM (24.0.2+12-54) for windows-amd64 JRE (24.0.2+12-54), built on 2025-07-08T12:10:27Z with MS VC++ 17.6 (VS2022)

END.
